<?xml version='1.0' encoding='UTF-8'?>
<testsuite hostname="Raffaeles-MacBook-Pro.local" name="it.gov.daf.ingestion.std.IngestionStdSpec" tests="2" errors="2" failures="0" skipped="0" time="0.068">
                     <properties>
[...]
</properties>
                     <testcase classname="it.gov.daf.ingestion.std.IngestionStdSpec" name="Ingestion-&gt;Init works:" time="0.012">
                                                 <error message="java.lang.RuntimeException: class org.apache.hadoop.security.JniBasedUnixGroupsMappingWithFallback not org.apache.hadoop.security.GroupMappingServiceProvider" type="java.lang.RuntimeException">java.lang.RuntimeException: java.lang.RuntimeException: class org.apache.hadoop.security.JniBasedUnixGroupsMappingWithFallback not org.apache.hadoop.security.GroupMappingServiceProvider
	at org.apache.hadoop.conf.Configuration.getClass(Configuration.java:1752)
	at org.apache.hadoop.security.Groups.&lt;init&gt;(Groups.java:55)
	at org.apache.hadoop.security.Groups.getUserToGroupsMappingService(Groups.java:182)
	at org.apache.hadoop.security.UserGroupInformation.initialize(UserGroupInformation.java:235)
	at org.apache.hadoop.security.UserGroupInformation.ensureInitialized(UserGroupInformation.java:214)
	at org.apache.hadoop.security.UserGroupInformation.getLoginUser(UserGroupInformation.java:669)
	at org.apache.hadoop.security.UserGroupInformation.getCurrentUser(UserGroupInformation.java:571)
	at org.apache.spark.util.Utils$$anonfun$getCurrentUserName$1.apply(Utils.scala:2245)
	at org.apache.spark.util.Utils$$anonfun$getCurrentUserName$1.apply(Utils.scala:2245)
	at org.apache.spark.util.Utils$.getCurrentUserName(Utils.scala:2245)
	at org.apache.spark.SparkContext.&lt;init&gt;(SparkContext.scala:297)
	at org.apache.spark.SparkContext$.getOrCreate(SparkContext.scala:2256)
	at org.apache.spark.sql.SparkSession$Builder$$anonfun$8.apply(SparkSession.scala:831)
	at org.apache.spark.sql.SparkSession$Builder$$anonfun$8.apply(SparkSession.scala:823)
	at org.apache.spark.sql.SparkSession$Builder.getOrCreate(SparkSession.scala:823)
	at it.gov.daf.ingestion.std.SparkCntx$class.foreach(IngestionStdSpec.scala:38)
	at it.gov.daf.ingestion.std.IngestionStdSpec.foreach(IngestionStdSpec.scala:9)
Caused by: java.lang.RuntimeException: class org.apache.hadoop.security.JniBasedUnixGroupsMappingWithFallback not org.apache.hadoop.security.GroupMappingServiceProvider
	at org.apache.hadoop.conf.Configuration.getClass(Configuration.java:1746)
	... 16 more
</error>
                                               </testcase><testcase classname="it.gov.daf.ingestion.std.IngestionStdSpec" name="Ingestion-&gt;dataset_loadDF works:" time="0.056">
                                                 <error message="java.lang.RuntimeException: class org.apache.hadoop.security.JniBasedUnixGroupsMappingWithFallback not org.apache.hadoop.security.GroupMappingServiceProvider" type="java.lang.RuntimeException">java.lang.RuntimeException: java.lang.RuntimeException: class org.apache.hadoop.security.JniBasedUnixGroupsMappingWithFallback not org.apache.hadoop.security.GroupMappingServiceProvider
	at org.apache.hadoop.conf.Configuration.getClass(Configuration.java:1752)
	at org.apache.hadoop.security.Groups.&lt;init&gt;(Groups.java:55)
	at org.apache.hadoop.security.Groups.getUserToGroupsMappingService(Groups.java:182)
	at org.apache.hadoop.security.UserGroupInformation.initialize(UserGroupInformation.java:235)
	at org.apache.hadoop.security.UserGroupInformation.ensureInitialized(UserGroupInformation.java:214)
	at org.apache.hadoop.security.UserGroupInformation.getLoginUser(UserGroupInformation.java:669)
	at org.apache.hadoop.security.UserGroupInformation.getCurrentUser(UserGroupInformation.java:571)
	at org.apache.spark.util.Utils$$anonfun$getCurrentUserName$1.apply(Utils.scala:2245)
	at org.apache.spark.util.Utils$$anonfun$getCurrentUserName$1.apply(Utils.scala:2245)
	at org.apache.spark.util.Utils$.getCurrentUserName(Utils.scala:2245)
	at org.apache.spark.SparkContext.&lt;init&gt;(SparkContext.scala:297)
	at org.apache.spark.SparkContext$.getOrCreate(SparkContext.scala:2256)
	at org.apache.spark.sql.SparkSession$Builder$$anonfun$8.apply(SparkSession.scala:831)
	at org.apache.spark.sql.SparkSession$Builder$$anonfun$8.apply(SparkSession.scala:823)
	at org.apache.spark.sql.SparkSession$Builder.getOrCreate(SparkSession.scala:823)
	at it.gov.daf.ingestion.std.SparkCntx$class.foreach(IngestionStdSpec.scala:38)
	at it.gov.daf.ingestion.std.IngestionStdSpec.foreach(IngestionStdSpec.scala:9)
Caused by: java.lang.RuntimeException: class org.apache.hadoop.security.JniBasedUnixGroupsMappingWithFallback not org.apache.hadoop.security.GroupMappingServiceProvider
	at org.apache.hadoop.conf.Configuration.getClass(Configuration.java:1746)
	... 16 more
</error>
                                               </testcase>
                     <system-out></system-out>
                     <system-err></system-err>
                   </testsuite>